<?xml version="1.0" encoding="UTF-8"?>
<testng-results ignored="0" total="1" passed="1" failed="0" skipped="0">
  <reporter-output>
  </reporter-output>
  <suite started-at="2021-03-26T23:20:38 IST" name="Page Object Model Framework  " finished-at="2021-03-26T23:20:41 IST" duration-ms="3099">
    <groups>
    </groups>
    <test started-at="2021-03-26T23:20:38 IST" name="SignIn Test" finished-at="2021-03-26T23:20:41 IST" duration-ms="3099">
      <class name="com.qa.testcases.SignInTest">
        <test-method signature="signInTest()[pri:0, instance:com.qa.testcases.SignInTest@56f71edb]" started-at="2021-03-26T23:20:38 IST" name="signInTest" finished-at="2021-03-26T23:20:40 IST" duration-ms="2335" status="PASS">
          <reporter-output>
          </reporter-output>
        </test-method> <!-- signInTest -->
        <test-method is-config="true" signature="tearDown()[pri:0, instance:com.qa.testcases.SignInTest@56f71edb]" started-at="2021-03-26T23:20:41 IST" name="tearDown" finished-at="2021-03-26T23:20:41 IST" duration-ms="580" status="PASS">
          <reporter-output>
          </reporter-output>
        </test-method> <!-- tearDown -->
      </class> <!-- com.qa.testcases.SignInTest -->
    </test> <!-- SignIn Test -->
  </suite> <!-- Page Object Model Framework   -->
</testng-results>
